<?xml version="1.0" encoding="UTF-8"?>
<!-- Generated by org.testng.reporters.JUnitReportReporter -->
<testsuite hostname="NODE56" name="selenium.Javascript" tests="1" failures="0" timestamp="20 Oct 2014 09:41:30 GMT" time="6.862" errors="0">
  <testcase name="Javascript1" time="6.862" classname="selenium.Javascript"/>
</testsuite> <!-- selenium.Javascript -->
