<?xml version="1.0" encoding="UTF-8"?>
<!-- Generated by org.testng.reporters.JUnitReportReporter -->
<testsuite hostname="NODE56" name="selenium.ExcelSheet" tests="1" failures="0" timestamp="29 Oct 2014 06:24:57 GMT" time="1.289" errors="0">
  <testcase name="DataDriven" time="1.289" classname="selenium.ExcelSheet"/>
</testsuite> <!-- selenium.ExcelSheet -->
