<?xml version="1.0" encoding="UTF-8"?>
<!-- Generated by org.testng.reporters.JUnitReportReporter -->
<testsuite hostname="NODE56" name="selenium.Google" tests="1" failures="0" timestamp="20 Oct 2014 04:52:10 GMT" time="9.949" errors="0">
  <testcase name="LoginRight" time="9.949" classname="selenium.Google"/>
</testsuite> <!-- selenium.Google -->
