<?xml version="1.0" encoding="UTF-8"?>
<!-- Generated by org.testng.reporters.JUnitReportReporter -->
<testsuite hostname="NODE56" name="selenium.Macys" tests="1" failures="0" timestamp="16 Oct 2014 14:06:50 GMT" time="31.462" errors="0">
  <testcase name="MacysSearch" time="31.462" classname="selenium.Macys"/>
</testsuite> <!-- selenium.Macys -->
