<?xml version="1.0" encoding="UTF-8"?>
<!-- Generated by org.testng.reporters.JUnitReportReporter -->
<testsuite hostname="NODE56" name="selenium.Flight" tests="1" failures="0" timestamp="28 Oct 2014 12:02:24 GMT" time="41.300" errors="0">
  <testcase name="Flight" time="41.300" classname="selenium.Flight"/>
</testsuite> <!-- selenium.Flight -->
