<?xml version="1.0" encoding="UTF-8"?>
<!-- Generated by org.testng.reporters.JUnitReportReporter -->
<testsuite hostname="NODE56" name="selenium.SwitchWindow" tests="1" failures="0" timestamp="28 Oct 2014 09:46:12 GMT" time="4.091" errors="0">
  <testcase name="SwitchWindow" time="4.091" classname="selenium.SwitchWindow"/>
</testsuite> <!-- selenium.SwitchWindow -->
