<?xml version="1.0" encoding="UTF-8"?>
<!-- Generated by org.testng.reporters.JUnitReportReporter -->
<testsuite hostname="NODE56" name="selenium.MacysLogin" tests="1" failures="0" timestamp="27 Oct 2014 10:15:17 GMT" time="19.165" errors="0">
  <testcase name="MacysLogin" time="19.165" classname="selenium.MacysLogin"/>
</testsuite> <!-- selenium.MacysLogin -->
