<?xml version="1.0" encoding="UTF-8"?>
<!-- Generated by org.testng.reporters.JUnitReportReporter -->
<testsuite hostname="NODE56" name="selenium.Irctcex" tests="1" failures="0" timestamp="3 Nov 2014 06:00:52 GMT" time="96.677" errors="0">
  <testcase name="Irctc" time="96.677" classname="selenium.Irctcex"/>
</testsuite> <!-- selenium.Irctcex -->
