<?xml version="1.0" encoding="UTF-8"?>
<!-- Generated by org.testng.reporters.JUnitReportReporter -->
<testsuite hostname="NODE56" name="selenium.GemIndia" tests="1" failures="0" timestamp="29 Oct 2014 12:00:32 GMT" time="39.742" errors="0">
  <testcase name="Flight" time="39.742" classname="selenium.GemIndia"/>
</testsuite> <!-- selenium.GemIndia -->
