<?xml version="1.0" encoding="UTF-8"?>
<!-- Generated by org.testng.reporters.JUnitReportReporter -->
<testsuite hostname="NODE56" name="selenium.MacysScreenshot" tests="1" failures="0" timestamp="31 Oct 2014 04:39:52 GMT" time="47.219" errors="0">
  <testcase name="MacysScreenshot" time="47.219" classname="selenium.MacysScreenshot"/>
</testsuite> <!-- selenium.MacysScreenshot -->
