<?xml version="1.0" encoding="UTF-8"?>
<!-- Generated by org.testng.reporters.JUnitReportReporter -->
<testsuite hostname="NODE56" name="selenium.ExcelLogin" tests="1" failures="0" timestamp="29 Oct 2014 10:56:57 GMT" time="31.707" errors="0">
  <testcase name="login" time="31.707" classname="selenium.ExcelLogin"/>
</testsuite> <!-- selenium.ExcelLogin -->
