<?xml version="1.0" encoding="UTF-8"?>
<!-- Generated by org.testng.reporters.JUnitReportReporter -->
<testsuite hostname="NODE56" name="selenium.Macysprofile" tests="1" failures="0" timestamp="3 Nov 2014 11:37:25 GMT" time="6.071" errors="0">
  <testcase name="main" time="6.071" classname="selenium.Macysprofile"/>
</testsuite> <!-- selenium.Macysprofile -->
